<?xml version="1.0" encoding="UTF-8"?>
<testsuite xmlns:xsi="http://www.w3.org/2001/XMLSchema-instance" xsi:noNamespaceSchemaLocation="https://maven.apache.org/surefire/maven-surefire-plugin/xsd/surefire-test-report.xsd" name="cucumber.Options.TestRunner" time="12.455" tests="30" errors="0" skipped="0" failures="0">
  <properties>
[...]
</properties>
  <testcase name="Validate Get API values by passing Postcode as path parameter #1" classname="Get API Method call using Postcode as a path parameter" time="4.818"/>
  <testcase name="Validate Get API values by passing Postcode as path parameter #2" classname="Get API Method call using Postcode as a path parameter" time="0.383"/>
  <testcase name="Validate result section values from Get API values by using Postcode as path parameter #1" classname="Get API Method call using Postcode as a path parameter" time="0.235"/>
  <testcase name="Validate result section values from Get API values by using Postcode as path parameter #2" classname="Get API Method call using Postcode as a path parameter" time="0.28"/>
  <testcase name="Validate codes section values from Get API values by using Postcode as path parameter #1" classname="Get API Method call using Postcode as a path parameter" time="0.241"/>
  <testcase name="Validate codes section values from Get API values by using Postcode as path parameter #2" classname="Get API Method call using Postcode as a path parameter" time="0.25"/>
  <testcase name="Validate error codes from Get API by passing Postcode as path parameter #1" classname="Get API Method call using Postcode as a path parameter" time="0.165"/>
  <testcase name="Validate error codes from Get API by passing Postcode as path parameter #2" classname="Get API Method call using Postcode as a path parameter" time="0.197"/>
  <testcase name="Validate error codes from Get API method by passing Invalid Resource" classname="Get API Method call using Postcode as a path parameter" time="0.188"/>
  <testcase name="Validate Get API values by using Postcode as Query parameter #1" classname="Get Method API call using Postcode as a optional Query parameter" time="0.235"/>
  <testcase name="Validate Get API values by using Postcode as Query parameter #2" classname="Get Method API call using Postcode as a optional Query parameter" time="0.204"/>
  <testcase name="Validate result section values from Get API values by passing Postcode as Query parameter #1" classname="Get Method API call using Postcode as a optional Query parameter" time="0.273"/>
  <testcase name="Validate result section values from Get API values by passing Postcode as Query parameter #2" classname="Get Method API call using Postcode as a optional Query parameter" time="0.203"/>
  <testcase name="Validate codes section values from Get API values by passing Postcode as Query parameter #1" classname="Get Method API call using Postcode as a optional Query parameter" time="0.187"/>
  <testcase name="Validate codes section values from Get API values by passing Postcode as Query parameter #2" classname="Get Method API call using Postcode as a optional Query parameter" time="0.213"/>
  <testcase name="Validate Get API values by using partial Postcode as Query parameter" classname="Get Method API call using Postcode as a optional Query parameter" time="0.216"/>
  <testcase name="Validate Get API values of result section by using partial Postcode as Query parameter" classname="Get Method API call using Postcode as a optional Query parameter" time="0.269"/>
  <testcase name="Validate Get API values of codes section by using partial Postcode as Query parameter" classname="Get Method API call using Postcode as a optional Query parameter" time="0.283"/>
  <testcase name="Validate error codes from Get API method by passing Invalid/Empty Postcode as Query parameter #1" classname="Get Method API call using Postcode as a optional Query parameter" time="0.288"/>
  <testcase name="Validate error codes from Get API method by passing Invalid/Empty Postcode as Query parameter #2" classname="Get Method API call using Postcode as a optional Query parameter" time="0.311"/>
  <testcase name="Validate error codes from Get API method by passing Invalid Resource" classname="Get Method API call using Postcode as a optional Query parameter" time="0.163"/>
  <testcase name="Validate Post API values by passing single/multiple Postcodes as payload #1" classname="POST API call by passing multiple Postcodes as a payload" time="0.375"/>
  <testcase name="Validate Post API values by passing single/multiple Postcodes as payload #2" classname="POST API call by passing multiple Postcodes as a payload" time="0.214"/>
  <testcase name="Validate Post API result section values by passing single/multiple Postcodes as payload #1" classname="POST API call by passing multiple Postcodes as a payload" time="0.204"/>
  <testcase name="Validate Post API result section values by passing single/multiple Postcodes as payload #2" classname="POST API call by passing multiple Postcodes as a payload" time="0.11"/>
  <testcase name="Validate Post API codes section values by passing single/multiple Postcodes as payload #1" classname="POST API call by passing multiple Postcodes as a payload" time="0.256"/>
  <testcase name="Validate Post API codes section values by passing single/multiple Postcodes as payload #2" classname="POST API call by passing multiple Postcodes as a payload" time="0.205"/>
  <testcase name="Validate Error codes through POST API method #1" classname="POST API call by passing multiple Postcodes as a payload" time="0.107"/>
  <testcase name="Validate Error codes through POST API method #2" classname="POST API call by passing multiple Postcodes as a payload" time="0.191"/>
  <testcase name="Validate Error codes through POST API method #3" classname="POST API call by passing multiple Postcodes as a payload" time="0.194"/>
</testsuite>